0 info it worked if it ends with ok
1 verbose cli [ '/usr/bin/node', '/usr/bin/npm', 'run', 'build' ]
2 info using npm@3.8.7
3 info using node@v6.0.0
4 verbose run-script [ 'prebuild', 'build', 'postbuild' ]
5 info lifecycle blinkenrocket-site@0.1.0~prebuild: blinkenrocket-site@0.1.0
6 silly lifecycle blinkenrocket-site@0.1.0~prebuild: no script for prebuild, continuing
7 info lifecycle blinkenrocket-site@0.1.0~build: blinkenrocket-site@0.1.0
8 verbose lifecycle blinkenrocket-site@0.1.0~build: unsafe-perm in lifecycle true
9 verbose lifecycle blinkenrocket-site@0.1.0~build: PATH: /usr/lib/node_modules/npm/bin/node-gyp-bin:/home/rashfael/Projects/blinkenrocket-site/node_modules/.bin:/usr/bin:/usr/local/sbin:/usr/local/bin:/usr/bin:/usr/lib/jvm/default/bin:/usr/bin/site_perl:/usr/bin/vendor_perl:/usr/bin/core_perl:/opt/sublime-text:/home/rashfael/.gem/ruby/2.0.0/bin:/opt/android-sdk/tools
10 verbose lifecycle blinkenrocket-site@0.1.0~build: CWD: /home/rashfael/Projects/blinkenrocket-site
11 silly lifecycle blinkenrocket-site@0.1.0~build: Args: [ '-c', 'roots build' ]
12 silly lifecycle blinkenrocket-site@0.1.0~build: Returned: code: 2  signal: null
13 info lifecycle blinkenrocket-site@0.1.0~build: Failed to exec build script
14 verbose stack Error: blinkenrocket-site@0.1.0 build: `roots build`
14 verbose stack Exit status 2
14 verbose stack     at EventEmitter.<anonymous> (/usr/lib/node_modules/npm/lib/utils/lifecycle.js:244:16)
14 verbose stack     at emitTwo (events.js:106:13)
14 verbose stack     at EventEmitter.emit (events.js:191:7)
14 verbose stack     at ChildProcess.<anonymous> (/usr/lib/node_modules/npm/lib/utils/spawn.js:24:14)
14 verbose stack     at emitTwo (events.js:106:13)
14 verbose stack     at ChildProcess.emit (events.js:191:7)
14 verbose stack     at maybeClose (internal/child_process.js:850:16)
14 verbose stack     at Process.ChildProcess._handle.onexit (internal/child_process.js:215:5)
15 verbose pkgid blinkenrocket-site@0.1.0
16 verbose cwd /home/rashfael/Projects/blinkenrocket-site
17 error Linux 4.5.1-1-ARCH
18 error argv "/usr/bin/node" "/usr/bin/npm" "run" "build"
19 error node v6.0.0
20 error npm  v3.8.7
21 error code ELIFECYCLE
22 error blinkenrocket-site@0.1.0 build: `roots build`
22 error Exit status 2
23 error Failed at the blinkenrocket-site@0.1.0 build script 'roots build'.
23 error Make sure you have the latest version of node.js and npm installed.
23 error If you do, this is most likely a problem with the blinkenrocket-site package,
23 error not with npm itself.
23 error Tell the author that this fails on your system:
23 error     roots build
23 error You can get information on how to open an issue for this project with:
23 error     npm bugs blinkenrocket-site
23 error Or if that isn't available, you can get their info via:
23 error     npm owner ls blinkenrocket-site
23 error There is likely additional logging output above.
24 verbose exit [ 1, true ]
